<?xml version="1.0" encoding="UTF-8"?>
<!-- Generated by org.testng.reporters.JUnitReportReporter -->
<testsuite hostname="DESKTOP-OPSU3GT" failures="0" tests="1" name="GoogleTest" time="5.073" errors="0" timestamp="2023-07-20T13:56:40 IST" skipped="0">
  <testcase classname="GoogleTest" name="HomePageTest" time="5.073"/>
</testsuite> <!-- GoogleTest -->
