<?xml version="1.0" encoding="UTF-8"?>
<!-- Generated by org.testng.reporters.JUnitReportReporter -->
<testsuite hostname="DESKTOP-OPSU3GT" failures="0" tests="1" name="test.GoogleTest" time="6.324" errors="0" timestamp="2023-07-21T12:09:30 IST" skipped="0">
  <testcase classname="test.GoogleTest" name="HomePageTest" time="6.324"/>
</testsuite> <!-- test.GoogleTest -->
