<?xml version="1.0" encoding="UTF-8"?>
<!-- Generated by org.testng.reporters.JUnitReportReporter -->
<testsuite hostname="DESKTOP-OQJ29UI" failures="0" tests="1" name="Textiles_TextilesandFabricsofIndianStates" time="63.489" errors="0" timestamp="2024-02-21T12:35:58 GMT-08:00" skipped="0">
  <testcase classname="Textiles_TextilesandFabricsofIndianStates" name="IndianStates" time="63.489"/>
  <system-out/>
</testsuite> <!-- Textiles_TextilesandFabricsofIndianStates -->
