<?xml version="1.0" encoding="UTF-8"?>
<!-- Generated by org.testng.reporters.JUnitReportReporter -->
<testsuite hostname="DESKTOP-OQJ29UI" failures="0" tests="1" name="Textiles_ArtisansofIndia" time="13.565" errors="0" timestamp="2024-02-28T13:59:35 GMT-08:00" skipped="0">
  <testcase classname="Textiles_ArtisansofIndia" name="A" time="13.565"/>
  <system-out/>
</testsuite> <!-- Textiles_ArtisansofIndia -->
