<?xml version="1.0" encoding="UTF-8"?>
<!-- Generated by org.testng.reporters.JUnitReportReporter -->
<testsuite hostname="DESKTOP-OQJ29UI" failures="0" tests="6" name="FortsofIndia_FortsandtheFreedomStruggle2_explore" time="39.200" errors="0" timestamp="2024-02-28T13:54:50 GMT-08:00" skipped="0">
  <testcase classname="FortsofIndia_FortsandtheFreedomStruggle2_explore" name="B" time="7.394"/>
  <system-out/>
  <testcase classname="FortsofIndia_FortsandtheFreedomStruggle2_explore" name="D" time="6.462"/>
  <system-out/>
  <testcase classname="FortsofIndia_FortsandtheFreedomStruggle2_explore" name="A" time="6.539"/>
  <system-out/>
  <testcase classname="FortsofIndia_FortsandtheFreedomStruggle2_explore" name="E" time="8.250"/>
  <system-out/>
  <testcase classname="FortsofIndia_FortsandtheFreedomStruggle2_explore" name="F" time="4.444"/>
  <system-out/>
  <testcase classname="FortsofIndia_FortsandtheFreedomStruggle2_explore" name="C" time="6.111"/>
  <system-out/>
</testsuite> <!-- FortsofIndia_FortsandtheFreedomStruggle2_explore -->
