<?xml version="1.0" encoding="UTF-8"?>
<!-- Generated by org.testng.reporters.JUnitReportReporter -->
<testsuite hostname="DESKTOP-OQJ29UI" failures="0" tests="2" name="FortsofIndia_DiscoveringtheFortsofIndia" time="31.430" errors="0" timestamp="2024-02-28T13:45:25 GMT-08:00" skipped="1">
  <testcase classname="FortsofIndia_DiscoveringtheFortsofIndia" name="Audiospage2subcat" time="31.430"/>
  <system-out/>
  <testcase classname="FortsofIndia_DiscoveringtheFortsofIndia" name="Audiospage3filters">
    <skipped/>
  </testcase> <!-- Audiospage3filters -->
  <system-out/>
</testsuite> <!-- FortsofIndia_DiscoveringtheFortsofIndia -->
