<?xml version="1.0" encoding="UTF-8"?>
<!-- Generated by org.testng.reporters.JUnitReportReporter -->
<testsuite hostname="DESKTOP-OQJ29UI" failures="0" tests="2" name="FortsofIndia_RareBooksonForts" time="5.792" errors="0" timestamp="2024-02-28T13:53:13 GMT-08:00" skipped="1">
  <testcase classname="FortsofIndia_RareBooksonForts" name="Audiospage2subcat" time="5.792"/>
  <system-out/>
  <testcase classname="FortsofIndia_RareBooksonForts" name="Audiospage3filters">
    <skipped/>
  </testcase> <!-- Audiospage3filters -->
  <system-out/>
</testsuite> <!-- FortsofIndia_RareBooksonForts -->
