<?xml version="1.0" encoding="UTF-8"?>
<!-- Generated by org.testng.reporters.JUnitReportReporter -->
<testsuite hostname="DESKTOP-OQJ29UI" failures="0" tests="4" name="AudiosFinal" time="33.930" errors="0" timestamp="2024-02-22T13:06:57 GMT-08:00" skipped="2">
  <testcase classname="AudiosFinal" name="Audiospage" time="9.559"/>
  <system-out/>
  <testcase classname="AudiosFinal" name="Audiospage1subcat" time="24.371"/>
  <system-out/>
  <testcase classname="AudiosFinal" name="Audiospage2subcat">
    <skipped/>
  </testcase> <!-- Audiospage2subcat -->
  <system-out/>
  <testcase classname="AudiosFinal" name="Audiospage3filters">
    <skipped/>
  </testcase> <!-- Audiospage3filters -->
  <system-out/>
</testsuite> <!-- AudiosFinal -->
