<?xml version="1.0" encoding="UTF-8"?>
<!-- Generated by org.testng.reporters.JUnitReportReporter -->
<testsuite hostname="DESKTOP-OQJ29UI" failures="0" tests="1" name="Textiles_FreedomMovementandTextiles" time="4.649" errors="0" timestamp="2024-02-28T13:59:57 GMT-08:00" skipped="0">
  <testcase classname="Textiles_FreedomMovementandTextiles" name="IndianStates" time="4.649"/>
  <system-out/>
</testsuite> <!-- Textiles_FreedomMovementandTextiles -->
