<?xml version="1.0" encoding="UTF-8"?>
<!-- Generated by org.testng.reporters.JUnitReportReporter -->
<testsuite hostname="DESKTOP-OQJ29UI" failures="0" tests="2" name="FortsofIndia_TalesofForts" time="29.497" errors="0" timestamp="2024-02-28T13:52:47 GMT-08:00" skipped="1">
  <testcase classname="FortsofIndia_TalesofForts" name="Audiospage2subcat" time="29.497"/>
  <system-out/>
  <testcase classname="FortsofIndia_TalesofForts" name="Audiospage3filters">
    <skipped/>
  </testcase> <!-- Audiospage3filters -->
  <system-out/>
</testsuite> <!-- FortsofIndia_TalesofForts -->
