<?xml version="1.0" encoding="UTF-8"?>
<!-- Generated by org.testng.reporters.JUnitReportReporter -->
<testsuite hostname="DESKTOP-OQJ29UI" failures="0" tests="5" name="Textiles_TypesofTextiles_Weaving" time="72.774" errors="0" timestamp="2024-02-28T14:02:57 GMT-08:00" skipped="0">
  <testcase classname="Textiles_TypesofTextiles_Weaving" name="Weaving" time="26.307"/>
  <system-out/>
  <testcase classname="Textiles_TypesofTextiles_Weaving" name="Dyeing" time="11.791"/>
  <system-out/>
  <testcase classname="Textiles_TypesofTextiles_Weaving" name="Printing" time="6.416"/>
  <system-out/>
  <testcase classname="Textiles_TypesofTextiles_Weaving" name="Painting" time="8.343"/>
  <system-out/>
  <testcase classname="Textiles_TypesofTextiles_Weaving" name="Embroidery" time="19.917"/>
  <system-out/>
</testsuite> <!-- Textiles_TypesofTextiles_Weaving -->
