<?xml version="1.0" encoding="UTF-8"?>
<!-- Generated by org.testng.reporters.JUnitReportReporter -->
<testsuite hostname="DESKTOP-OQJ29UI" failures="0" tests="5" name="UNESCO_IntangibleCulturalHeritage" time="7.367" errors="0" timestamp="2024-02-28T12:53:39 GMT-08:00" skipped="4">
  <testcase classname="UNESCO_IntangibleCulturalHeritage" name="SubCategory" time="7.367"/>
  <system-out/>
  <testcase classname="UNESCO_IntangibleCulturalHeritage" name="Audiospage">
    <skipped/>
  </testcase> <!-- Audiospage -->
  <system-out/>
  <testcase classname="UNESCO_IntangibleCulturalHeritage" name="Audiospage1subcat">
    <skipped/>
  </testcase> <!-- Audiospage1subcat -->
  <system-out/>
  <testcase classname="UNESCO_IntangibleCulturalHeritage" name="Audiospage3filters">
    <skipped/>
  </testcase> <!-- Audiospage3filters -->
  <system-out/>
  <testcase classname="UNESCO_IntangibleCulturalHeritage" name="Audiospage2subcat">
    <skipped/>
  </testcase> <!-- Audiospage2subcat -->
  <system-out/>
</testsuite> <!-- UNESCO_IntangibleCulturalHeritage -->
