<?xml version="1.0" encoding="UTF-8"?>
<!-- Generated by org.testng.reporters.JUnitReportReporter -->
<testsuite hostname="DESKTOP-OQJ29UI" failures="0" tests="5" name="UNESCO" time="3.024" errors="0" timestamp="2024-02-12T17:21:40 GMT-08:00" skipped="2">
  <testcase classname="UNESCO" name="Audiospage2subcat" time="0.013"/>
  <system-out/>
  <testcase classname="UNESCO" name="Audiospage" time="2.999"/>
  <system-out/>
  <testcase classname="UNESCO" name="SubCategory" time="0.012"/>
  <system-out/>
  <testcase classname="UNESCO" name="Audiospage3filters">
    <skipped/>
  </testcase> <!-- Audiospage3filters -->
  <system-out/>
  <testcase classname="UNESCO" name="Audiospage1subcat">
    <skipped/>
  </testcase> <!-- Audiospage1subcat -->
  <system-out/>
</testsuite> <!-- UNESCO -->
