<?xml version="1.0" encoding="UTF-8"?>
<!-- Generated by org.testng.reporters.JUnitReportReporter -->
<testsuite hostname="DESKTOP-OQJ29UI" failures="0" tests="2" name="NorthEastArchive_UnsungHeroes" time="1.745" errors="0" timestamp="2024-02-28T13:51:44 GMT-08:00" skipped="1">
  <testcase classname="NorthEastArchive_UnsungHeroes" name="Audiospage2subcat" time="1.745"/>
  <system-out/>
  <testcase classname="NorthEastArchive_UnsungHeroes" name="Audiospage3filters">
    <skipped/>
  </testcase> <!-- Audiospage3filters -->
  <system-out/>
</testsuite> <!-- NorthEastArchive_UnsungHeroes -->
