<?xml version="1.0" encoding="UTF-8"?>
<!-- Generated by org.testng.reporters.JUnitReportReporter -->
<testsuite hostname="DESKTOP-OQJ29UI" failures="0" tests="3" name="TimelessTrends_Clothing_Timeline_Ancient" time="125.675" errors="0" timestamp="2024-02-20T11:27:17 GMT-08:00" skipped="0">
  <testcase classname="TimelessTrends_Clothing_Timeline_Ancient" name="Medieval" time="25.408"/>
  <system-out/>
  <testcase classname="TimelessTrends_Clothing_Timeline_Ancient" name="Colonial" time="46.241"/>
  <system-out/>
  <testcase classname="TimelessTrends_Clothing_Timeline_Ancient" name="Ancient" time="54.026"/>
  <system-out/>
</testsuite> <!-- TimelessTrends_Clothing_Timeline_Ancient -->
