<?xml version="1.0" encoding="UTF-8"?>
<!-- Generated by org.testng.reporters.JUnitReportReporter -->
<testsuite hostname="DESKTOP-OQJ29UI" failures="0" tests="1" name="HistoricCitiesofIndia_Thanjavur_See" time="11.055" errors="0" timestamp="2024-02-15T13:37:30 GMT-08:00" skipped="0">
  <testcase classname="HistoricCitiesofIndia_Thanjavur_See" name="A" time="11.055"/>
  <system-out/>
</testsuite> <!-- HistoricCitiesofIndia_Thanjavur_See -->
