<?xml version="1.0" encoding="UTF-8"?>
<!-- Generated by org.testng.reporters.JUnitReportReporter -->
<testsuite hostname="DESKTOP-OQJ29UI" failures="0" tests="4" name="Results_ArchivesStyle" time="21.367" errors="0" timestamp="2024-02-12T16:56:28 GMT-08:00" skipped="2">
  <testcase classname="Results_ArchivesStyle" name="Audiospage" time="4.539"/>
  <system-out/>
  <testcase classname="Results_ArchivesStyle" name="Audiospage2subcat" time="16.828"/>
  <system-out/>
  <testcase classname="Results_ArchivesStyle" name="Audiospage1subcat">
    <skipped/>
  </testcase> <!-- Audiospage1subcat -->
  <system-out/>
  <testcase classname="Results_ArchivesStyle" name="Audiospage3filters">
    <skipped/>
  </testcase> <!-- Audiospage3filters -->
  <system-out/>
</testsuite> <!-- Results_ArchivesStyle -->
