<?xml version="1.0" encoding="UTF-8"?>
<!-- Generated by org.testng.reporters.JUnitReportReporter -->
<testsuite hostname="DESKTOP-OQJ29UI" failures="0" tests="1" name="TimelessTrends_Accessories_DigitalCatalogue_ExploreMore" time="14.912" errors="0" timestamp="2024-02-20T11:19:27 GMT-08:00" skipped="0">
  <testcase classname="TimelessTrends_Accessories_DigitalCatalogue_ExploreMore" name="A" time="14.912"/>
  <system-out/>
</testsuite> <!-- TimelessTrends_Accessories_DigitalCatalogue_ExploreMore -->
