<?xml version="1.0" encoding="UTF-8"?>
<!-- Generated by org.testng.reporters.JUnitReportReporter -->
<testsuite hostname="DESKTOP-OQJ29UI" failures="0" tests="5" name="MusicalInstruments" time="361.671" errors="0" timestamp="2024-02-28T12:40:56 GMT-08:00" skipped="4">
  <testcase classname="MusicalInstruments" name="SubCategory" time="361.671"/>
  <system-out/>
  <testcase classname="MusicalInstruments" name="Audiospage">
    <skipped/>
  </testcase> <!-- Audiospage -->
  <system-out/>
  <testcase classname="MusicalInstruments" name="Audiospage2subcat">
    <skipped/>
  </testcase> <!-- Audiospage2subcat -->
  <system-out/>
  <testcase classname="MusicalInstruments" name="Audiospage3filters">
    <skipped/>
  </testcase> <!-- Audiospage3filters -->
  <system-out/>
  <testcase classname="MusicalInstruments" name="Audiospage1subcat">
    <skipped/>
  </testcase> <!-- Audiospage1subcat -->
  <system-out/>
</testsuite> <!-- MusicalInstruments -->
