<?xml version="1.0" encoding="UTF-8"?>
<!-- Generated by org.testng.reporters.JUnitReportReporter -->
<testsuite hostname="DESKTOP-OPSU3GT" failures="0" tests="1" name="ImageSlider" time="5.233" errors="0" timestamp="2023-06-09T07:31:40 IST" skipped="0">
  <testcase classname="ImageSlider" name="testImageSlideshow" time="5.233"/>
  <system-out/>
</testsuite> <!-- ImageSlider -->
