<?xml version="1.0" encoding="UTF-8"?>
<!-- Generated by org.testng.reporters.JUnitReportReporter -->
<testsuite hostname="DESKTOP-OPSU3GT" failures="0" tests="6" name="HomePageHeader" time="18.865" errors="0" timestamp="2023-06-15T09:30:50 IST" skipped="1">
  <testcase classname="HomePageHeader" name="HomePage1Title" time="4.277"/>
  <system-out/>
  <testcase classname="HomePageHeader" name="HomePage4GoI" time="4.858"/>
  <system-out/>
  <testcase classname="HomePageHeader" name="HomePage2Search" time="3.856"/>
  <system-out/>
  <testcase classname="HomePageHeader" name="HomePage5Skip" time="2.111"/>
  <system-out/>
  <testcase classname="HomePageHeader" name="HomePage6MenuButton" time="3.763"/>
  <system-out/>
  <testcase classname="HomePageHeader" name="testImageSlideshow">
    <skipped/>
  </testcase> <!-- testImageSlideshow -->
  <system-out/>
</testsuite> <!-- HomePageHeader -->
