<?xml version="1.0" encoding="UTF-8"?>
<!-- Generated by org.testng.reporters.JUnitReportReporter -->
<testsuite hostname="DESKTOP-OPSU3GT" failures="0" tests="1" name="ImageSliderAll" time="73.126" errors="0" timestamp="2023-06-09T07:35:13 IST" skipped="0">
  <testcase classname="ImageSliderAll" name="testImageSlideshow" time="73.126"/>
  <system-out/>
</testsuite> <!-- ImageSliderAll -->
