<?xml version="1.0" encoding="UTF-8"?>
<!-- Generated by org.testng.reporters.JUnitReportReporter -->
<testsuite hostname="DESKTOP-OPSU3GT" failures="0" tests="1" name="Final.ImageSlider" time="4.940" errors="0" timestamp="2023-06-09T09:36:15 IST" skipped="0">
  <testcase classname="Final.ImageSlider" name="testImageSlideshow" time="4.940"/>
  <system-out/>
</testsuite> <!-- Final.ImageSlider -->
