<?xml version="1.0" encoding="UTF-8"?>
<!-- Generated by org.testng.reporters.JUnitReportReporter -->
<testsuite hostname="DESKTOP-OPSU3GT" failures="0" tests="4" name="Final.Audios" time="21.145" errors="0" timestamp="2023-07-26T14:24:02 IST" skipped="2">
  <testcase classname="Final.Audios" name="Audiospage3filters" time="15.472"/>
  <system-out/>
  <testcase classname="Final.Audios" name="Audiospage" time="5.673"/>
  <system-out/>
  <testcase classname="Final.Audios" name="Audiospage1subcat">
    <skipped/>
  </testcase> <!-- Audiospage1subcat -->
  <system-out/>
  <testcase classname="Final.Audios" name="Audiospage2subcat">
    <skipped/>
  </testcase> <!-- Audiospage2subcat -->
  <system-out/>
</testsuite> <!-- Final.Audios -->
