<?xml version="1.0" encoding="UTF-8"?>
<!-- Generated by org.testng.reporters.JUnitReportReporter -->
<testsuite hostname="DESKTOP-OPSU3GT" failures="0" tests="1" name="Audios2" time="4.843" errors="0" timestamp="2023-07-25T15:47:06 IST" skipped="0">
  <testcase classname="Audios2" name="categorylp" time="4.843"/>
  <system-out/>
</testsuite> <!-- Audios2 -->
