<?xml version="1.0" encoding="UTF-8"?>
<!-- Generated by org.testng.reporters.JUnitReportReporter -->
<testsuite hostname="DESKTOP-OPSU3GT" failures="0" tests="4" name="Final.ResearchPapers" time="4.900" errors="0" timestamp="2023-07-25T15:51:06 IST" skipped="2">
  <testcase classname="Final.ResearchPapers" name="Audiospage" time="4.880"/>
  <system-out/>
  <testcase classname="Final.ResearchPapers" name="Audiospage3filters" time="0.020"/>
  <system-out/>
  <testcase classname="Final.ResearchPapers" name="Audiospage1subcat">
    <skipped/>
  </testcase> <!-- Audiospage1subcat -->
  <system-out/>
  <testcase classname="Final.ResearchPapers" name="Audiospage2subcat">
    <skipped/>
  </testcase> <!-- Audiospage2subcat -->
  <system-out/>
</testsuite> <!-- Final.ResearchPapers -->
